********************************************************************************
DUPLICATOR-LITE PACKAGE-LOG: March 10, 2019 9:46 pm
NOTICE: Do NOT post to public sites or forums 
********************************************************************************
VERSION:	1.3.8
WORDPRESS:	4.8
PHP INFO:	7.0.8 | SAPI: apache2handler
SERVER:		Apache/2.2.29 (Unix) mod_wsgi/3.5 Python/2.7.10 PHP/7.0.8 mod_ssl/2.2.29 OpenSSL/0.9.8zh DAV/2 mod_fastcgi/2.4.6 mod_perl/2.0.9 Perl/v5.22.0 
PHP TIME LIMIT: (0) no time limit imposed 
PHP MAX MEMORY: 4294967296 (128M default) 
MEMORY STACK: 12MB 

********************************************************************************
DATABASE:
********************************************************************************
BUILD MODE:   PHP(query limit - 100)
MYSQLTIMEOUT: 5000
MYSQLDUMP:    Not Supported 
TABLES: total:13 | filtered:0 | create:13 
FILTERED: [] 
SQL CREATED: 20190310_accelerate_05dd29643c5d17353538_20190310214602_database.sql 
SQL FILE SIZE: 180.47KB (184797) 
SQL FILE TIME: 2019-03-10 21:46:09 
SQL RUNTIME: 0.16 sec. 

******************************************************************************** 
ARCHIVE (ZIP): 
******************************************************************************** 
ARCHIVE DIR:  /Users/ericaross/sites/203-accelerate 
ARCHIVE FILE: 20190310_accelerate_05dd29643c5d17353538_20190310214602_archive.zip 
FILTERS: *OFF* 
DIRS:
	not set 
FILES:
	not set 
EXTS:  not set 
---------------------------------------- 
COMPRESSING 
SIZE:	45.38MB 
STATS:	Dirs 207 | Files 1,691 
SQL ADDED: 20190310_accelerate_05dd29643c5d17353538_20190310214602_database.sql 
ZipArchive Object
(
    [status] => 0
    [statusSys] => 0
    [numFiles] => 1898
    [filename] => /Users/ericaross/sites/203-accelerate/wp-snapshots/tmp/20190310_accelerate_05dd29643c5d17353538_20190310214602_archive.zip
    [comment] => 
)
 
FILE ADDED TO ZIP: 1897 
COMPRESSION RESULT: '1' 
COMPRESSED SIZE: 29.16MB 
ARCHIVE RUNTIME: 10.83 sec. 
MEMORY STACK: 12MB 
building installer 
add_extra_files1 
add_extra_files2 
add_extra_files3 
add_extra_files4 
Doing archive file check 
add_extra_files5 
add_extra_files6 
add_extra_files8 
Successfully opened zip /Users/ericaross/sites/203-accelerate/wp-snapshots/tmp/20190310_accelerate_05dd29643c5d17353538_20190310214602_archive.zip 
Adding enhanced installer files to archive using ZipArchive 
Installer files added to archive 
Added to archive 
After ziparchive close when adding installer 

******************************************************************************** 
INTEGRITY CHECKS: 
******************************************************************************** 
SQL FILE: 180.47KB 
INSTALLER FILE: 44.53KB 
ARCHIVE FILE: 29.99MB  
EXPECTED FILE/DIRECTORY COUNT: 1,898 
ACTUAL FILE/DIRECTORY COUNT: 1,897 
ARCHIVE CONSISTENCY TEST: Pass 

********************************************************************************
RECORD ID:[1]
TOTAL PROCESS RUNTIME: 13.34 sec.
PEAK PHP MEMORY USED: 12MB
DONE PROCESSING => 20190310_accelerate March 10, 2019 9:46 pm
 
